2025-06-21 14:15:07,053 [INFO] Activator:176 - 


2025-06-21 14:15:07,056 [INFO] Activator:177 - !SESSION log4j initialized
2025-06-21 14:15:10,113 [INFO] LogOutputStream:77 - [STDOUT_REDIRECT] 
2025-06-21 14:15:15,157 [INFO] ApplicationProperties:184 - Using Application install path: /opt/st/stm32cubeide_1.18.0/plugins/com.st.stm32cube.common.mx_6.14.0.202502271554
2025-06-21 14:15:15,208 [INFO] DbMcusXml:78 - Set database path to: /opt/st/stm32cubeide_1.18.0/plugins/com.st.stm32cube.common.mx_6.14.0.202502271554//db//mcu/
2025-06-21 14:15:15,210 [INFO] ApiDb:274 - Set plugin database path to: /opt/st/stm32cubeide_1.18.0/plugins/com.st.stm32cube.common.mx_6.14.0.202502271554//db//plugins/boardmanager/
2025-06-21 14:15:15,211 [WARN] ApiDb:259 - Overriding images path with different value:  => /opt/st/stm32cubeide_1.18.0/plugins/com.st.stm32cube.common.mx_6.14.0.202502271554//db//plugins/mcufinder/images/
2025-06-21 14:15:15,229 [INFO] ApiDb:250 - Set database path to: /home/srushti/.stmcufinder/plugins/mcufinder//mcu/
2025-06-21 14:15:15,232 [INFO] DbMcusAds:125 - Set database path to: /home/srushti/.stmcufinder/plugins/mcufinder//mcu/
2025-06-21 14:15:15,239 [INFO] CrossReferenceDbSqlite:203 - Set database path to: /home/srushti/.stmcufinder/plugins/mcufinder//mcu/cs/
2025-06-21 14:15:15,519 [INFO] RulesReader:64 - Compatibility file has been processed (301 Rules)
2025-06-21 14:15:15,731 [INFO] DbMcusXml:78 - Set database path to: /opt/st/stm32cubeide_1.18.0/plugins/com.st.stm32cube.common.mx_6.14.0.202502271554//db//mcu/
2025-06-21 14:15:15,732 [INFO] ApiDb:274 - Set plugin database path to: /opt/st/stm32cubeide_1.18.0/plugins/com.st.stm32cube.common.mx_6.14.0.202502271554//db//plugins/boardmanager/
2025-06-21 14:15:15,732 [INFO] ApiDb:261 - Set plugin images path to: /opt/st/stm32cubeide_1.18.0/plugins/com.st.stm32cube.common.mx_6.14.0.202502271554//db//plugins/mcufinder/images/
2025-06-21 14:15:15,733 [WARN] DbFile:41 - Overriding database path with different value: /home/srushti/.stmcufinder/plugins/mcufinder/ => /home/srushti/.stmcufinder/plugins/mcufinder
2025-06-21 14:15:15,734 [INFO] ApiDb:250 - Set database path to: /home/srushti/.stmcufinder/plugins/mcufinder//mcu/
2025-06-21 14:15:15,734 [WARN] DbFile:41 - Overriding database path with different value: /home/srushti/.stmcufinder/plugins/mcufinder/ => /home/srushti/.stmcufinder/plugins/mcufinder
2025-06-21 14:15:15,734 [INFO] DbMcusAds:125 - Set database path to: /home/srushti/.stmcufinder/plugins/mcufinder//mcu/
2025-06-21 14:15:15,734 [WARN] DbFile:41 - Overriding database path with different value: /home/srushti/.stmcufinder/plugins/mcufinder/ => /home/srushti/.stmcufinder/plugins/mcufinder
2025-06-21 14:15:15,734 [WARN] DbFile:41 - Overriding database path with different value: /home/srushti/.stmcufinder/plugins/mcufinder/ => /home/srushti/.stmcufinder/plugins/mcufinder
2025-06-21 14:15:15,735 [INFO] CrossReferenceDbSqlite:203 - Set database path to: /home/srushti/.stmcufinder/plugins/mcufinder//mcu/cs/
2025-06-21 14:15:15,973 [INFO] MainPanel:272 - HeapMemory: 268435456
2025-06-21 14:15:16,329 [INFO] DbMcusXml:78 - Set database path to: /opt/st/stm32cubeide_1.18.0/plugins/com.st.stm32cube.common.mx_6.14.0.202502271554//db//mcu/
2025-06-21 14:15:16,329 [INFO] ApiDb:274 - Set plugin database path to: /opt/st/stm32cubeide_1.18.0/plugins/com.st.stm32cube.common.mx_6.14.0.202502271554//db//plugins/boardmanager/
2025-06-21 14:15:16,330 [INFO] ApiDb:261 - Set plugin images path to: /opt/st/stm32cubeide_1.18.0/plugins/com.st.stm32cube.common.mx_6.14.0.202502271554//db//plugins/mcufinder/images/
2025-06-21 14:15:16,331 [WARN] DbFile:41 - Overriding database path with different value: /home/srushti/.stmcufinder/plugins/mcufinder/ => /home/srushti/.stmcufinder/plugins/mcufinder
2025-06-21 14:15:16,331 [INFO] ApiDb:250 - Set database path to: /home/srushti/.stmcufinder/plugins/mcufinder//mcu/
2025-06-21 14:15:16,331 [WARN] DbFile:41 - Overriding database path with different value: /home/srushti/.stmcufinder/plugins/mcufinder/ => /home/srushti/.stmcufinder/plugins/mcufinder
2025-06-21 14:15:16,331 [INFO] DbMcusAds:125 - Set database path to: /home/srushti/.stmcufinder/plugins/mcufinder//mcu/
2025-06-21 14:15:16,332 [WARN] DbFile:41 - Overriding database path with different value: /home/srushti/.stmcufinder/plugins/mcufinder/ => /home/srushti/.stmcufinder/plugins/mcufinder
2025-06-21 14:15:16,332 [WARN] DbFile:41 - Overriding database path with different value: /home/srushti/.stmcufinder/plugins/mcufinder/ => /home/srushti/.stmcufinder/plugins/mcufinder
2025-06-21 14:15:16,332 [INFO] CrossReferenceDbSqlite:203 - Set database path to: /home/srushti/.stmcufinder/plugins/mcufinder//mcu/cs/
2025-06-21 14:15:16,371 [INFO] ApplicationProperties:184 - Using Application install path: /opt/st/stm32cubeide_1.18.0/plugins/com.st.stm32cube.common.mx_6.14.0.202502271554
2025-06-21 14:15:16,375 [INFO] PluginManage:196 - Search for loadable plugins [exclusion list=, ]
2025-06-21 14:15:16,377 [INFO] PluginManage:310 - Check plugin analytics
2025-06-21 14:15:16,858 [INFO] AnalyticsPlugin:253 - Accepted Software Licenses: 
2025-06-21 14:15:16,858 [INFO] AnalyticsPlugin:255 - Accepted CMSIS Pack Licenses: 
2025-06-21 14:15:16,859 [INFO] AnalyticsPlugin:257 - Accepted Firmware Licenses: FW.F4.1.28.0,FW.G4.1.6.0
2025-06-21 14:15:16,870 [INFO] PluginManage:359 - Loaded plugin analytics (category:tool,tabindex:-1)
2025-06-21 14:15:16,870 [INFO] PluginManage:310 - Check plugin cadmodel
2025-06-21 14:15:16,885 [INFO] CADModel:105 - Init CAD model plugin
2025-06-21 14:15:16,886 [INFO] PluginManage:359 - Loaded plugin cadmodel (category:power,tabindex:5)
2025-06-21 14:15:16,887 [INFO] PluginManage:310 - Check plugin clock
2025-06-21 14:15:16,916 [INFO] PluginManage:359 - Loaded plugin clock (category:base,tabindex:2)
2025-06-21 14:15:16,917 [INFO] PluginManage:310 - Check plugin ddr
2025-06-21 14:15:16,922 [INFO] PluginManage:359 - Loaded plugin ddr (category:tool,tabindex:6)
2025-06-21 14:15:16,923 [INFO] PluginManage:310 - Check plugin filemanager
2025-06-21 14:15:17,241 [INFO] PluginManage:359 - Loaded plugin filemanager (category:base,tabindex:10)
2025-06-21 14:15:17,242 [INFO] PluginManage:310 - Check plugin ipmanager
2025-06-21 14:15:17,262 [INFO] PluginManage:359 - Loaded plugin ipmanager (category:base,tabindex:5)
2025-06-21 14:15:17,263 [INFO] PluginManage:310 - Check plugin lpbam
2025-06-21 14:15:17,313 [INFO] PluginManage:359 - Loaded plugin lpbam (category:base,tabindex:0)
2025-06-21 14:15:17,314 [INFO] PluginManage:310 - Check plugin memorymap
2025-06-21 14:15:17,422 [INFO] PluginManage:359 - Loaded plugin memorymap (category:base,tabindex:4)
2025-06-21 14:15:17,422 [INFO] PluginManage:310 - Check plugin pinoutandconfiguration
2025-06-21 14:15:17,466 [INFO] PluginManage:359 - Loaded plugin pinoutandconfiguration (category:base,tabindex:1)
2025-06-21 14:15:17,467 [INFO] PluginManage:310 - Check plugin pinoutconfig
2025-06-21 14:15:17,938 [WARN] SupportedApi:132 - Cannot load RTOS API schema: s4s-elt-must-match.1: The content of 'definitions' must match (annotation?, (simpleType | complexType)?, (unique | key | keyref)*)). A problem was found starting at: attribute.
2025-06-21 14:15:18,392 [INFO] PluginManage:359 - Loaded plugin pinoutconfig (category:base,tabindex:0)
2025-06-21 14:15:18,393 [INFO] PluginManage:310 - Check plugin power
2025-06-21 14:15:18,412 [INFO] PluginManage:359 - Loaded plugin power (category:power,tabindex:4)
2025-06-21 14:15:18,412 [INFO] PluginManage:310 - Check plugin projectmanager
2025-06-21 14:15:18,437 [INFO] PluginManage:359 - Loaded plugin projectmanager (category:projectmanager,tabindex:4)
2025-06-21 14:15:18,438 [INFO] PluginManage:310 - Check plugin rif
2025-06-21 14:15:18,448 [INFO] PluginManage:359 - Loaded plugin rif (category:base,tabindex:3)
2025-06-21 14:15:18,449 [INFO] PluginManage:310 - Check plugin thirdparty
2025-06-21 14:15:18,831 [INFO] PluginManage:359 - Loaded plugin thirdparty (category:base,tabindex:-1)
2025-06-21 14:15:18,831 [WARN] IntegrityCheckThread:84 - waiting for thirdparty lock release [integrity check]
2025-06-21 14:15:18,831 [INFO] IntegrityCheckThread:86 - entering critical section [integrity check]
2025-06-21 14:15:18,831 [INFO] PluginManage:310 - Check plugin tools
2025-06-21 14:15:18,837 [INFO] ThirdPartyUpdaterWithRetryManager:70 - Updater plugin not ready yet. [1/15]
2025-06-21 14:15:18,840 [INFO] PluginManage:359 - Loaded plugin tools (category:base,tabindex:7)
2025-06-21 14:15:18,841 [INFO] PluginManage:310 - Check plugin tutovideos
2025-06-21 14:15:19,274 [INFO] PluginManage:359 - Loaded plugin tutovideos (category:base,tabindex:-1)
2025-06-21 14:15:19,276 [INFO] PluginManage:310 - Check plugin updater
2025-06-21 14:15:19,367 [INFO] PluginManage:359 - Loaded plugin updater (category:base,tabindex:12)
2025-06-21 14:15:19,368 [INFO] PluginManage:310 - Check plugin userauth
2025-06-21 14:15:19,381 [INFO] UserAuth:118 - Init User Auth plugin
2025-06-21 14:15:19,388 [INFO] PluginManage:359 - Loaded plugin userauth (category:base,tabindex:14)
2025-06-21 14:15:19,392 [INFO] PluginManage:283 - PluginManage : Loaded plugins [18]
2025-06-21 14:15:20,063 [INFO] PinOutPanel:1589 - setPackage(No Configuration,No Configuration)
2025-06-21 14:15:20,161 [INFO] CADModel:165 - CPN selected for project level
2025-06-21 14:15:20,161 [INFO] CADModel:114 - Register for checkConnection events
2025-06-21 14:15:20,186 [INFO] IPUIPlugin:80 - create IPUIPlugin
2025-06-21 14:15:20,188 [INFO] PluginManager:220 - loadIPPluginJar : add dma
2025-06-21 14:15:20,195 [INFO] IPUIPlugin:80 - create IPUIPlugin
2025-06-21 14:15:20,195 [INFO] PluginManager:220 - loadIPPluginJar : add tsc
2025-06-21 14:15:20,214 [INFO] IPUIPlugin:80 - create IPUIPlugin
2025-06-21 14:15:20,215 [INFO] PluginManager:220 - loadIPPluginJar : add gic
2025-06-21 14:15:20,221 [INFO] IPUIPlugin:80 - create IPUIPlugin
2025-06-21 14:15:20,221 [INFO] PluginManager:220 - loadIPPluginJar : add fatfs
2025-06-21 14:15:20,225 [INFO] IPUIPlugin:80 - create IPUIPlugin
2025-06-21 14:15:20,225 [INFO] PluginManager:220 - loadIPPluginJar : add genericplugin
2025-06-21 14:15:20,248 [INFO] IPUIPlugin:80 - create IPUIPlugin
2025-06-21 14:15:20,249 [INFO] PluginManager:220 - loadIPPluginJar : add adc
2025-06-21 14:15:20,257 [INFO] IPUIPlugin:80 - create IPUIPlugin
2025-06-21 14:15:20,257 [INFO] PluginManager:220 - loadIPPluginJar : add resmgrutility
2025-06-21 14:15:20,261 [INFO] IPUIPlugin:80 - create IPUIPlugin
2025-06-21 14:15:20,261 [INFO] PluginManager:220 - loadIPPluginJar : add ts
2025-06-21 14:15:20,265 [INFO] IPUIPlugin:80 - create IPUIPlugin
2025-06-21 14:15:20,265 [INFO] PluginManager:220 - loadIPPluginJar : add ucpd
2025-06-21 14:15:20,283 [INFO] IPUIPlugin:80 - create IPUIPlugin
2025-06-21 14:15:20,283 [INFO] PluginManager:220 - loadIPPluginJar : add mdma
2025-06-21 14:15:20,301 [INFO] IPUIPlugin:80 - create IPUIPlugin
2025-06-21 14:15:20,308 [INFO] PluginManager:220 - loadIPPluginJar : add plateformsettings
2025-06-21 14:15:20,314 [INFO] IPUIPlugin:80 - create IPUIPlugin
2025-06-21 14:15:20,315 [INFO] PluginManager:220 - loadIPPluginJar : add gtzc
2025-06-21 14:15:20,321 [INFO] IPUIPlugin:80 - create IPUIPlugin
2025-06-21 14:15:20,322 [INFO] PluginManager:220 - loadIPPluginJar : add dma3
2025-06-21 14:15:20,335 [INFO] IPUIPlugin:80 - create IPUIPlugin
2025-06-21 14:15:20,335 [INFO] PluginManager:220 - loadIPPluginJar : add gpio
2025-06-21 14:15:20,341 [INFO] IPUIPlugin:80 - create IPUIPlugin
2025-06-21 14:15:20,341 [INFO] PluginManager:220 - loadIPPluginJar : add aes
2025-06-21 14:15:20,344 [INFO] IPUIPlugin:80 - create IPUIPlugin
2025-06-21 14:15:20,345 [INFO] PluginManager:220 - loadIPPluginJar : add spi
2025-06-21 14:15:20,348 [INFO] IPUIPlugin:80 - create IPUIPlugin
2025-06-21 14:15:20,348 [INFO] PluginManager:220 - loadIPPluginJar : add cryp
2025-06-21 14:15:20,353 [INFO] IPUIPlugin:80 - create IPUIPlugin
2025-06-21 14:15:20,353 [INFO] PluginManager:220 - loadIPPluginJar : add openamp
2025-06-21 14:15:20,358 [INFO] IPUIPlugin:80 - create IPUIPlugin
2025-06-21 14:15:20,359 [INFO] PluginManager:220 - loadIPPluginJar : add opamp
2025-06-21 14:15:20,368 [INFO] IPUIPlugin:80 - create IPUIPlugin
2025-06-21 14:15:20,368 [INFO] PluginManager:220 - loadIPPluginJar : add nvic
2025-06-21 14:15:20,375 [INFO] IPUIPlugin:80 - create IPUIPlugin
2025-06-21 14:15:20,376 [INFO] PluginManager:220 - loadIPPluginJar : add freertos
2025-06-21 14:15:20,380 [INFO] IPUIPlugin:80 - create IPUIPlugin
2025-06-21 14:15:20,380 [INFO] PluginManager:220 - loadIPPluginJar : add i2c
2025-06-21 14:15:20,383 [INFO] IPUIPlugin:80 - create IPUIPlugin
2025-06-21 14:15:20,383 [INFO] PluginManager:220 - loadIPPluginJar : add tim
2025-06-21 14:15:20,387 [INFO] IPUIPlugin:80 - create IPUIPlugin
2025-06-21 14:15:20,388 [INFO] PluginManager:220 - loadIPPluginJar : add hash
2025-06-21 14:15:20,391 [INFO] IPUIPlugin:80 - create IPUIPlugin
2025-06-21 14:15:20,392 [INFO] PluginManager:220 - loadIPPluginJar : add gfxmmu
2025-06-21 14:15:20,395 [INFO] IPUIPlugin:80 - create IPUIPlugin
2025-06-21 14:15:20,395 [INFO] PluginManager:220 - loadIPPluginJar : add lorawan
2025-06-21 14:15:20,402 [INFO] IPUIPlugin:80 - create IPUIPlugin
2025-06-21 14:15:20,402 [INFO] PluginManager:220 - loadIPPluginJar : add usbx
2025-06-21 14:15:20,405 [INFO] IPUIPlugin:80 - create IPUIPlugin
2025-06-21 14:15:20,405 [INFO] PluginManager:220 - loadIPPluginJar : add extmemmanager
2025-06-21 14:15:20,418 [INFO] IPUIPlugin:80 - create IPUIPlugin
2025-06-21 14:15:20,418 [INFO] PluginManager:220 - loadIPPluginJar : add linkedlist
2025-06-21 14:15:20,429 [INFO] IPUIPlugin:80 - create IPUIPlugin
2025-06-21 14:15:20,429 [INFO] PluginManager:220 - loadIPPluginJar : add stm32_wpan
2025-06-21 14:15:20,435 [INFO] IPUIPlugin:80 - create IPUIPlugin
2025-06-21 14:15:20,435 [INFO] PluginManager:220 - loadIPPluginJar : add ipddr
2025-06-21 14:15:20,437 [INFO] IPUIPlugin:80 - create IPUIPlugin
2025-06-21 14:15:20,437 [INFO] PluginManager:220 - loadIPPluginJar : add ltdc
2025-06-21 14:15:20,440 [INFO] IPUIPlugin:80 - create IPUIPlugin
2025-06-21 14:15:20,441 [INFO] PluginManager:220 - loadIPPluginJar : add tracer_emb
2025-06-21 14:15:20,446 [INFO] IPUIPlugin:80 - create IPUIPlugin
2025-06-21 14:15:20,446 [INFO] PluginManager:220 - loadIPPluginJar : add ddr_ctrl_phy
2025-06-21 14:15:20,452 [INFO] IPUIPlugin:80 - create IPUIPlugin
2025-06-21 14:15:20,452 [INFO] PluginManager:220 - loadIPPluginJar : add i3c
2025-06-21 14:15:20,455 [INFO] IPUIPlugin:80 - create IPUIPlugin
2025-06-21 14:15:20,456 [INFO] PluginManager:220 - loadIPPluginJar : add radio
2025-06-21 14:15:20,463 [INFO] IPUIPlugin:80 - create IPUIPlugin
2025-06-21 14:15:20,464 [INFO] PluginManager:220 - loadIPPluginJar : add fmc
2025-06-21 14:15:20,467 [INFO] IPUIPlugin:80 - create IPUIPlugin
2025-06-21 14:15:20,467 [INFO] PluginManager:220 - loadIPPluginJar : add dfsdm
2025-06-21 14:15:20,471 [INFO] IPUIPlugin:80 - create IPUIPlugin
2025-06-21 14:15:20,471 [INFO] PluginManager:220 - loadIPPluginJar : add pdm2pcm
2025-06-21 14:15:20,475 [INFO] IPUIPlugin:80 - create IPUIPlugin
2025-06-21 14:15:20,475 [INFO] PluginManager:220 - loadIPPluginJar : add i2s
2025-06-21 14:15:20,480 [INFO] IPUIPlugin:80 - create IPUIPlugin
2025-06-21 14:15:20,480 [INFO] PluginManager:220 - loadIPPluginJar : add touchsensing
2025-06-21 14:15:20,483 [INFO] IPUIPlugin:80 - create IPUIPlugin
2025-06-21 14:15:20,483 [INFO] PluginManager:220 - loadIPPluginJar : add comp
2025-06-21 14:15:20,486 [INFO] IPUIPlugin:80 - create IPUIPlugin
2025-06-21 14:15:20,487 [INFO] PluginManager:220 - loadIPPluginJar : add can
2025-06-21 14:15:20,493 [INFO] IPUIPlugin:80 - create IPUIPlugin
2025-06-21 14:15:20,493 [INFO] PluginManager:220 - loadIPPluginJar : add usart
2025-06-21 14:15:20,498 [INFO] IPUIPlugin:80 - create IPUIPlugin
2025-06-21 14:15:20,499 [INFO] PluginManager:220 - loadIPPluginJar : add sai
2025-06-21 14:15:20,502 [INFO] IPUIPlugin:80 - create IPUIPlugin
2025-06-21 14:15:20,502 [INFO] PluginManager:220 - loadIPPluginJar : add quadspi
2025-06-21 14:15:20,640 [FATAL] Updater:351 - Updater called before beeing initialized
2025-06-21 14:15:20,680 [INFO] RulesReader:64 - Compatibility file has been processed (301 Rules)
2025-06-21 14:15:20,703 [INFO] RulesReader:64 - Compatibility file has been processed (301 Rules)
2025-06-21 14:15:20,719 [INFO] CADModel:165 - CPN selected for project level
2025-06-21 14:15:20,720 [INFO] CADModel:114 - Register for checkConnection events
2025-06-21 14:15:20,720 [FATAL] Updater:351 - Updater called before beeing initialized
2025-06-21 14:15:20,720 [ERROR] CADModel:125 - Updater not yet initialized, retry later 
2025-06-21 14:15:20,938 [FATAL] Updater:351 - Updater called before beeing initialized
2025-06-21 14:15:20,942 [INFO] CADModel:165 - CPN selected for project level
2025-06-21 14:15:20,942 [INFO] CADModel:114 - Register for checkConnection events
2025-06-21 14:15:20,942 [FATAL] Updater:351 - Updater called before beeing initialized
2025-06-21 14:15:20,943 [ERROR] CADModel:125 - Updater not yet initialized, retry later 
2025-06-21 14:15:20,950 [FATAL] Updater:351 - Updater called before beeing initialized
2025-06-21 14:15:21,092 [FATAL] Updater:351 - Updater called before beeing initialized
2025-06-21 14:15:21,099 [INFO] DbMcusAds:53 - JSON generation date=Thu Mar 06 20:24:21 IST 2025 (1741272861825)
2025-06-21 14:15:21,099 [FATAL] Updater:351 - Updater called before beeing initialized
2025-06-21 14:15:21,154 [WARN] DetailPanel:346 - Failed to get advertising image, set to default
2025-06-21 14:15:21,596 [FATAL] Updater:351 - Updater called before beeing initialized
2025-06-21 14:15:21,696 [FATAL] Updater:351 - Updater called before beeing initialized
2025-06-21 14:15:21,696 [FATAL] Updater:351 - Updater called before beeing initialized
2025-06-21 14:15:21,696 [WARN] DetailPanel:346 - Failed to get advertising image, set to default
2025-06-21 14:15:21,699 [FATAL] Updater:351 - Updater called before beeing initialized
2025-06-21 14:15:21,792 [ERROR] Updater:1198 - MainUpdater not yet initialized. External WinMGr cannot be set.
2025-06-21 14:15:21,796 [INFO] Updater:1134 - Updater Version found : 6.14.0
2025-06-21 14:15:21,833 [INFO] ApplicationProperties:184 - Using Application install path: /opt/st/stm32cubeide_1.18.0/plugins/com.st.stm32cube.common.mx_6.14.0.202502271554
2025-06-21 14:15:21,839 [INFO] ThirdPartyUpdaterWithRetryManager:70 - Updater plugin not ready yet. [2/15]
2025-06-21 14:15:21,863 [ERROR] LogOutputStream:75 - [STDERR_REDIRECT] Jun 21, 2025 2:15:21 PM java.util.prefs.FileSystemPreferences$2 run
2025-06-21 14:15:21,864 [ERROR] LogOutputStream:75 - [STDERR_REDIRECT] WARNING: Could not create system preferences directory. System preferences are unusable.
2025-06-21 14:15:21,865 [ERROR] LogOutputStream:75 - [STDERR_REDIRECT] 
2025-06-21 14:15:22,515 [INFO] MainUpdater:2872 - connection check result : 10
2025-06-21 14:15:22,517 [INFO] MainUpdater:3566 - Updater definition file requires update
2025-06-21 14:15:22,520 [INFO] MainUpdater:289 - Updater Check For Update Now.
2025-06-21 14:15:22,521 [INFO] MicroXplorer:498 - Change Database Version : DB.6.0.140
2025-06-21 14:15:22,554 [INFO] McuFinderGlobals:63 - Set McuFinder mode to 2 (CubeIDE integrated)
2025-06-21 14:15:22,559 [INFO] UserAuth:486 - Internet connection configuration mode: 1
2025-06-21 14:15:22,594 [INFO] JxBrowserEngine:152 - Initiate JxBrowser Engine with user profile folder
2025-06-21 14:15:22,623 [INFO] ServerAccessManage:473 - Download File updaters.zip
2025-06-21 14:15:22,763 [INFO] FileExtend:242 - Unzip File : updaters.zip
2025-06-21 14:15:22,764 [INFO] FileExtend:257 - Standard Zip Deflate
2025-06-21 14:15:23,109 [INFO] ServerAccessManage:473 - Download File PacksControlFlags.xml
2025-06-21 14:15:23,284 [INFO] ServerAccessManage:473 - Download File cubemx.pidx
2025-06-21 14:15:24,435 [INFO] ServerAccessManage:473 - Download File STMicroelectronics.X-CUBE-AI.pdsc
2025-06-21 14:15:24,840 [WARN] MainUpdater:1193 - Updater busy. Cannot search thirdparties
2025-06-21 14:15:24,840 [INFO] ThirdPartyUpdaterWithRetryManager:96 - Updater plugin is busy. [1/15]
2025-06-21 14:15:25,801 [INFO] WebApp:169 - Instantiating new browser for Auth
2025-06-21 14:15:27,715 [INFO] ServerAccessManage:473 - Download File STMicroelectronics.X-CUBE-FREERTOS.pdsc
2025-06-21 14:15:27,841 [WARN] MainUpdater:1193 - Updater busy. Cannot search thirdparties
2025-06-21 14:15:27,842 [INFO] ThirdPartyUpdaterWithRetryManager:96 - Updater plugin is busy. [2/15]
2025-06-21 14:15:27,891 [INFO] WebApp:463 - Apply proxy settings
2025-06-21 14:15:27,892 [INFO] WebApp:548 - Chromium requires no authentication
2025-06-21 14:15:27,907 [INFO] WebApp:491 - Direct internet connection detected
2025-06-21 14:15:27,952 [INFO] WebApp:894 - Register for checkConnection events
2025-06-21 14:15:27,952 [INFO] WebApp:463 - Apply proxy settings
2025-06-21 14:15:27,953 [INFO] WebApp:548 - Chromium requires no authentication
2025-06-21 14:15:27,954 [INFO] WebApp:491 - Direct internet connection detected
2025-06-21 14:15:28,331 [INFO] WebApp:225 - Starting web application
2025-06-21 14:15:28,332 [INFO] WebApp:593 - Web application path used /opt/st/stm32cubeide_1.18.0/plugins/com.st.stm32cube.common.mx_6.14.0.202502271554/db/plugins/mcufinder/reactClient1/index.html
2025-06-21 14:15:28,665 [INFO] UserAuth:486 - Internet connection configuration mode: 1
2025-06-21 14:15:28,761 [INFO] ServerAccessManage:473 - Download File STMicroelectronics.X-CUBE-MEMS1.pdsc
2025-06-21 14:15:29,047 [INFO] WebApp:191 - Connection restablished
2025-06-21 14:15:30,842 [WARN] MainUpdater:1193 - Updater busy. Cannot search thirdparties
2025-06-21 14:15:30,843 [INFO] ThirdPartyUpdaterWithRetryManager:96 - Updater plugin is busy. [3/15]
2025-06-21 14:15:32,273 [INFO] ServerAccessManage:473 - Download File STMicroelectronics.X-CUBE-NFC7.pdsc
2025-06-21 14:15:33,308 [INFO] ServerAccessManage:473 - Download File STMicroelectronics.X-CUBE-ST60.pdsc
2025-06-21 14:15:33,552 [INFO] ServerAccessManage:473 - Download File STMicroelectronics.X-CUBE-ST67W61.pdsc
2025-06-21 14:15:33,756 [INFO] ServerAccessManage:473 - Download File STMicroelectronics.X-CUBE-PM33A1.pdsc
2025-06-21 14:15:33,844 [WARN] MainUpdater:1193 - Updater busy. Cannot search thirdparties
2025-06-21 14:15:33,844 [INFO] ThirdPartyUpdaterWithRetryManager:96 - Updater plugin is busy. [4/15]
2025-06-21 14:15:34,595 [INFO] ServerAccessManage:473 - Download File STMicroelectronics.X-CUBE-TOF1.pdsc
2025-06-21 14:15:36,823 [ERROR] ServerAccessManage:1089 - Problem, file not found on Server
2025-06-21 14:15:36,844 [WARN] MainUpdater:1193 - Updater busy. Cannot search thirdparties
2025-06-21 14:15:36,845 [INFO] ThirdPartyUpdaterWithRetryManager:96 - Updater plugin is busy. [5/15]
2025-06-21 14:15:37,392 [INFO] ServerAccessManage:473 - Download File STMicroelectronics.X-CUBE-WB05N.pdsc
2025-06-21 14:15:37,929 [ERROR] ServerAccessManage:1172 - Problem during Server Connection :  IO error PKIX path building failed: sun.security.provider.certpath.SunCertPathBuilderException: unable to find valid certification path to requested target
2025-06-21 14:15:37,930 [ERROR] ServerAccessManage:651 - Problem during Server Connection :  : Avnet-IotConnect.X-CUBE-IoTC-DA16k-PMOD.pdsc.
2025-06-21 14:15:37,941 [ERROR] LogOutputStream:75 - [STDERR_REDIRECT] Jun 21, 2025 2:15:37 PM java.util.prefs.FileSystemPreferences checkLockFile0ErrorCode
2025-06-21 14:15:37,944 [ERROR] LogOutputStream:75 - [STDERR_REDIRECT] WARNING: Could not lock System prefs. Unix error code 2.
2025-06-21 14:15:37,944 [ERROR] LogOutputStream:75 - [STDERR_REDIRECT] 
2025-06-21 14:15:37,947 [ERROR] LogOutputStream:75 - [STDERR_REDIRECT] Jun 21, 2025 2:15:37 PM java.util.prefs.FileSystemPreferences syncWorld
2025-06-21 14:15:37,949 [ERROR] LogOutputStream:75 - [STDERR_REDIRECT] WARNING: Couldn't flush system prefs: java.util.prefs.BackingStoreException: Couldn't get file lock.
2025-06-21 14:15:37,949 [ERROR] LogOutputStream:75 - [STDERR_REDIRECT] 
2025-06-21 14:15:38,099 [WARN] PackLoader:240 - Cannot read IP mode file for STMicroelectronics.X-CUBE-AI.10.1.0
2025-06-21 14:15:38,121 [WARN] PackLoader:240 - Cannot read IP mode file for STMicroelectronics.X-CUBE-FREERTOS.1.3.1
2025-06-21 14:15:38,240 [INFO] CheckServerUpdateThread:120 - End of CheckServer Thread
2025-06-21 14:15:38,270 [WARN] PackLoader:240 - Cannot read IP mode file for STMicroelectronics.X-CUBE-MEMS1.11.3.0
2025-06-21 14:15:38,558 [WARN] PackLoader:240 - Cannot read IP mode file for STMicroelectronics.X-CUBE-NFC7.2.0.0
2025-06-21 14:15:38,567 [WARN] PackLoader:240 - Cannot read IP mode file for STMicroelectronics.X-CUBE-ST60.1.0.0
2025-06-21 14:15:38,577 [WARN] PackLoader:240 - Cannot read IP mode file for STMicroelectronics.X-CUBE-ST67W61.1.0.0
2025-06-21 14:15:38,586 [WARN] PackLoader:240 - Cannot read IP mode file for STMicroelectronics.X-CUBE-PM33A1.1.0.0
2025-06-21 14:15:38,613 [WARN] PackLoader:240 - Cannot read IP mode file for STMicroelectronics.X-CUBE-TOF1.3.4.3
2025-06-21 14:15:38,656 [WARN] PackLoader:240 - Cannot read IP mode file for STMicroelectronics.X-CUBE-WB05N.2.0.0
2025-06-21 14:15:38,659 [INFO] PopulateThirdPartyThread:66 - Ending populate Thread
2025-06-21 14:15:38,664 [INFO] ThirdParty:1030 - CMSIS Pack Vendor :STMicroelectronics X-CUBE-AI 10.1.0
2025-06-21 14:15:38,664 [INFO] ThirdParty:1030 - CMSIS Pack Vendor :STMicroelectronics X-CUBE-FREERTOS 1.3.1
2025-06-21 14:15:38,665 [INFO] ThirdParty:1030 - CMSIS Pack Vendor :STMicroelectronics X-CUBE-ST67W61 1.0.0
2025-06-21 14:15:38,665 [INFO] ThirdParty:1030 - CMSIS Pack Vendor :STMicroelectronics X-CUBE-PM33A1 1.0.0
2025-06-21 14:15:38,665 [INFO] ThirdParty:1030 - CMSIS Pack Vendor :STMicroelectronics X-CUBE-ST60 1.0.0
2025-06-21 14:15:38,665 [INFO] ThirdParty:1030 - CMSIS Pack Vendor :STMicroelectronics X-CUBE-NFC7 2.0.0
2025-06-21 14:15:38,665 [INFO] ThirdParty:1030 - CMSIS Pack Vendor :STMicroelectronics X-CUBE-TOF1 3.4.3
2025-06-21 14:15:38,665 [INFO] ThirdParty:1030 - CMSIS Pack Vendor :STMicroelectronics X-CUBE-MEMS1 11.3.0
2025-06-21 14:15:38,665 [INFO] ThirdParty:1030 - CMSIS Pack Vendor :STMicroelectronics X-CUBE-WB05N 2.0.0
2025-06-21 14:15:38,666 [INFO] LoadServerUpdatesThread:375 - End of LoadServerUpdate Thread
2025-06-21 14:15:40,076 [WARN] PackLoader:240 - Cannot read IP mode file for STMicroelectronics.FP-SNS-MOTENVWB1.1.4.0
2025-06-21 14:15:40,085 [WARN] PackLoader:240 - Cannot read IP mode file for STMicroelectronics.FP-ATR-ASTRA1.2.0.2
2025-06-21 14:15:40,100 [WARN] PackLoader:240 - Cannot read IP mode file for STMicroelectronics.X-CUBE-SMBUS.2.1.0
2025-06-21 14:15:40,108 [WARN] PackLoader:240 - Cannot read IP mode file for STMicroelectronics.X-CUBE-WB05N.1.1.0
2025-06-21 14:15:40,116 [WARN] PackLoader:240 - Cannot read IP mode file for STMicroelectronics.X-CUBE-ST60.1.0.0
2025-06-21 14:15:40,148 [WARN] PackLoader:240 - Cannot read IP mode file for STMicroelectronics.X-CUBE-AZRTOS-F7.1.1.0
2025-06-21 14:15:40,186 [WARN] PackLoader:240 - Cannot read IP mode file for Infineon.AIROC-Wi-Fi-Bluetooth-STM32.1.7.0
2025-06-21 14:15:40,204 [WARN] PackLoader:240 - Cannot read IP mode file for STMicroelectronics.X-CUBE-DISPLAY.3.0.0
2025-06-21 14:15:40,219 [WARN] PackLoader:240 - Cannot read IP mode file for STMicroelectronics.X-CUBE-NFC10.1.0.0
2025-06-21 14:15:40,236 [WARN] PackLoader:240 - Cannot read IP mode file for STMicroelectronics.X-CUBE-BLEMGR.4.0.0
2025-06-21 14:15:40,248 [WARN] PackLoader:240 - Cannot read IP mode file for emotas.I-CUBE-CANOPEN.1.3.0
2025-06-21 14:15:40,253 [WARN] ConditionMgr:438 - getConditionDescription Invalid condition id : Cortex-A Device cause : null
2025-06-21 14:15:40,271 [WARN] ConditionMgr:1044 - genDependencies : Invalid condition id : Cortex-A Device cause : null
2025-06-21 14:15:40,271 [WARN] ConditionMgr:1044 - genDependencies : Invalid condition id : Cortex-A Device cause : null
2025-06-21 14:15:40,271 [WARN] ConditionMgr:1044 - genDependencies : Invalid condition id : Cortex-A Device cause : null
2025-06-21 14:15:40,277 [WARN] PackLoader:240 - Cannot read IP mode file for STMicroelectronics.X-CUBE-AI.10.0.0
2025-06-21 14:15:40,284 [WARN] PackLoader:240 - Cannot read IP mode file for STMicroelectronics.FP-SNS-SMARTAG2.1.2.0
2025-06-21 14:15:40,290 [WARN] PackLoader:240 - Cannot read IP mode file for STMicroelectronics.FP-SNS-FLIGHT1.5.1.0
2025-06-21 14:15:40,362 [WARN] PackLoader:240 - Cannot read IP mode file for STMicroelectronics.X-CUBE-MEMS1.11.1.0
2025-06-21 14:15:40,589 [INFO] LogOutputStream:77 - [STDOUT_REDIRECT] 1 : Invalid condition id : UX_CORESTACK_Condition cause : null
2025-06-21 14:15:40,591 [INFO] LogOutputStream:77 - [STDOUT_REDIRECT] 1 : Invalid condition id : UX_CORESTACK_Condition cause : null
2025-06-21 14:15:40,593 [INFO] LogOutputStream:77 - [STDOUT_REDIRECT] 1 : Invalid condition id : UX_CORESTACK_Condition cause : null
2025-06-21 14:15:40,594 [INFO] LogOutputStream:77 - [STDOUT_REDIRECT] 1 : Invalid condition id : UX_CORESTACK_Condition cause : null
2025-06-21 14:15:40,595 [INFO] LogOutputStream:77 - [STDOUT_REDIRECT] 1 : Invalid condition id : UX_CORESTACK_Condition cause : null
2025-06-21 14:15:40,599 [WARN] PackLoader:240 - Cannot read IP mode file for STMicroelectronics.X-CUBE-AZRTOS-WL.2.0.0
2025-06-21 14:15:40,607 [WARN] PackLoader:240 - Cannot read IP mode file for STMicroelectronics.FP-SNS-MOTENV1.5.0.0
2025-06-21 14:15:40,618 [WARN] PackLoader:240 - Cannot read IP mode file for WES.I-CUBE-Cesium.1.3.0
2025-06-21 14:15:40,626 [WARN] PackLoader:240 - Cannot read IP mode file for STMicroelectronics.X-CUBE-BLE2.3.3.0
2025-06-21 14:15:40,634 [WARN] PackLoader:240 - Cannot read IP mode file for STMicroelectronics.X-CUBE-NFC9.1.0.0
2025-06-21 14:15:40,643 [WARN] PackLoader:240 - Cannot read IP mode file for STMicroelectronics.X-CUBE-BLE1.7.1.0
2025-06-21 14:15:40,649 [WARN] PackLoader:240 - Cannot read IP mode file for wolfSSL.I-CUBE-wolfMQTT.1.19.2
2025-06-21 14:15:40,654 [WARN] PackLoader:240 - Cannot read IP mode file for STMicroelectronics.X-CUBE-AI.10.1.0
2025-06-21 14:15:40,678 [WARN] PackLoader:240 - Cannot read IP mode file for STMicroelectronics.X-CUBE-AZRTOS-G0.1.1.0
2025-06-21 14:15:40,691 [WARN] PackLoader:240 - Cannot read IP mode file for STMicroelectronics.X-CUBE-SAFEA1.1.2.2
2025-06-21 14:15:40,702 [WARN] PackLoader:240 - Cannot read IP mode file for STMicroelectronics.X-CUBE-NFC4.3.0.0
2025-06-21 14:15:40,714 [WARN] PackLoader:240 - Cannot read IP mode file for EmbeddedOffice.I-CUBE-FS-RTOS.1.0.1
2025-06-21 14:15:40,722 [WARN] PackLoader:240 - Cannot read IP mode file for STMicroelectronics.X-CUBE-WB05N.2.0.0
2025-06-21 14:15:40,727 [WARN] PackLoader:240 - Cannot read IP mode file for wolfSSL.I-CUBE-wolfTPM.3.8.0
2025-06-21 14:15:40,735 [WARN] PackLoader:240 - Cannot read IP mode file for STMicroelectronics.X-CUBE-TCPP.4.2.0
2025-06-21 14:15:40,742 [WARN] PackLoader:240 - Cannot read IP mode file for RealThread.X-CUBE-RT-Thread_Nano.4.1.1
2025-06-21 14:15:40,747 [WARN] PackLoader:240 - Cannot read IP mode file for STMicroelectronics.FP-ATR-SIGFOX1.3.2.0
2025-06-21 14:15:40,755 [WARN] PackLoader:240 - Cannot read IP mode file for STMicroelectronics.X-CUBE-EEPRMA1.5.1.0
2025-06-21 14:15:40,763 [WARN] PackLoader:240 - Cannot read IP mode file for wolfSSL.I-CUBE-wolfSSL.5.7.6
2025-06-21 14:15:40,771 [WARN] PackLoader:240 - Cannot read IP mode file for ITTIA_DB.I-CUBE-ITTIADB.8.9.0
2025-06-21 14:15:40,777 [WARN] PackLoader:240 - Cannot read IP mode file for STMicroelectronics.X-CUBE-ST67W61.1.0.0
2025-06-21 14:15:40,816 [WARN] PackLoader:240 - Cannot read IP mode file for SEGGER.I-CUBE-embOS.1.3.1
2025-06-21 14:15:40,875 [WARN] PackLoader:240 - Cannot read IP mode file for STMicroelectronics.X-CUBE-ALGOBUILD.1.4.0
2025-06-21 14:15:40,972 [WARN] PackLoader:240 - Cannot read IP mode file for STMicroelectronics.X-CUBE-MEMS1.11.3.0
2025-06-21 14:15:41,232 [WARN] PackLoader:240 - Cannot read IP mode file for STMicroelectronics.X-CUBE-PM33A1.1.0.0
2025-06-21 14:15:41,258 [WARN] PackLoader:240 - Cannot read IP mode file for STMicroelectronics.X-CUBE-AZRTOS-F4.1.1.0
2025-06-21 14:15:41,268 [WARN] PackLoader:240 - Cannot read IP mode file for STMicroelectronics.X-CUBE-ISPU.2.1.0
2025-06-21 14:15:41,289 [WARN] PackLoader:240 - Cannot read IP mode file for STMicroelectronics.X-CUBE-AZRTOS-L5.2.0.0
2025-06-21 14:15:41,301 [WARN] PackLoader:240 - Cannot read IP mode file for STMicroelectronics.X-CUBE-NFC6.3.1.0
2025-06-21 14:15:41,309 [WARN] PackLoader:240 - Cannot read IP mode file for STMicroelectronics.X-CUBE-DPower.1.2.0
2025-06-21 14:15:41,316 [WARN] PackLoader:240 - Cannot read IP mode file for STMicroelectronics.X-CUBE-FREERTOS.1.3.1
2025-06-21 14:15:41,321 [WARN] PackLoader:240 - Cannot read IP mode file for STMicroelectronics.X-CUBE-FREERTOS.1.3.0
2025-06-21 14:15:41,326 [WARN] PackLoader:240 - Cannot read IP mode file for STMicroelectronics.X-CUBE-NFC7.1.0.1
2025-06-21 14:15:41,334 [WARN] PackLoader:240 - Cannot read IP mode file for STMicroelectronics.X-CUBE-DPower.1.3.0
2025-06-21 14:15:41,355 [WARN] ConditionMgr:438 - getConditionDescription Invalid condition id : LAN8742 Phy interface Condition cause : null
2025-06-21 14:15:41,356 [WARN] PackLoader:240 - Cannot read IP mode file for STMicroelectronics.X-CUBE-AZRTOS-L4.2.0.0
2025-06-21 14:15:41,358 [WARN] ConditionMgr:1044 - genDependencies : Invalid condition id : LAN8742 Phy interface Condition cause : null
2025-06-21 14:15:41,358 [WARN] ConditionMgr:1044 - genDependencies : Invalid condition id : LAN8742 Phy interface Condition cause : null
2025-06-21 14:15:41,359 [WARN] ConditionMgr:1044 - genDependencies : Invalid condition id : LAN8742 Phy interface Condition cause : null
2025-06-21 14:15:41,369 [WARN] PackLoader:240 - Cannot read IP mode file for STMicroelectronics.X-CUBE-SFXS2LP1.4.0.0
2025-06-21 14:15:41,393 [WARN] PackLoader:240 - Cannot read IP mode file for STMicroelectronics.X-CUBE-AZRTOS-H7.3.3.0
2025-06-21 14:15:41,411 [WARN] ConditionMgr:438 - getConditionDescription Invalid condition id : UX DEVICE CLASS RTOS Condition cause : null
2025-06-21 14:15:41,411 [WARN] ConditionMgr:438 - getConditionDescription Invalid condition id : UX DEVICE CLASS RTOS Condition cause : null
2025-06-21 14:15:41,414 [WARN] PackLoader:240 - Cannot read IP mode file for STMicroelectronics.X-CUBE-AZRTOS-WB.2.0.0
2025-06-21 14:15:41,414 [WARN] ConditionMgr:1044 - genDependencies : Invalid condition id : UX DEVICE CLASS RTOS Condition cause : null
2025-06-21 14:15:41,415 [WARN] ConditionMgr:1044 - genDependencies : Invalid condition id : UX DEVICE CLASS RTOS Condition cause : null
2025-06-21 14:15:41,415 [WARN] ConditionMgr:1044 - genDependencies : Invalid condition id : UX DEVICE CLASS RTOS Condition cause : null
2025-06-21 14:15:41,415 [WARN] ConditionMgr:1044 - genDependencies : Invalid condition id : UX DEVICE CLASS RTOS Condition cause : null
2025-06-21 14:15:41,415 [WARN] ConditionMgr:1044 - genDependencies : Invalid condition id : UX DEVICE CLASS RTOS Condition cause : null
2025-06-21 14:15:41,423 [WARN] PackLoader:240 - Cannot read IP mode file for STMicroelectronics.X-CUBE-GNSS1.7.0.1
2025-06-21 14:15:41,429 [WARN] PackLoader:240 - Cannot read IP mode file for STMicroelectronics.X-CUBE-TOUCHGFX.4.25.0
2025-06-21 14:15:41,437 [WARN] PackLoader:240 - Cannot read IP mode file for STMicroelectronics.FP-SNS-STBOX1.2.0.0
2025-06-21 14:15:41,452 [WARN] PackLoader:240 - Cannot read IP mode file for STMicroelectronics.X-CUBE-SUBG2.5.0.0
2025-06-21 14:15:41,481 [WARN] PackLoader:240 - Cannot read IP mode file for STMicroelectronics.X-CUBE-AZRTOS-H7RS.1.1.0
2025-06-21 14:15:41,490 [WARN] PackLoader:240 - Cannot read IP mode file for Cesanta.I-CUBE-Mongoose.7.13.0
2025-06-21 14:15:41,508 [WARN] PackLoader:240 - Cannot read IP mode file for STMicroelectronics.X-CUBE-AZRTOS-G4.2.0.0
2025-06-21 14:15:41,515 [WARN] PackLoader:240 - Cannot read IP mode file for wolfSSL.I-CUBE-wolfSSH.1.4.20
2025-06-21 14:15:41,519 [WARN] PackLoader:240 - Cannot read IP mode file for STMicroelectronics.X-CUBE-NFC7.2.0.0
2025-06-21 14:15:41,537 [WARN] PackLoader:240 - Cannot read IP mode file for STMicroelectronics.X-CUBE-IPS.3.1.0
2025-06-21 14:15:41,550 [WARN] PackLoader:240 - Cannot read IP mode file for STMicroelectronics.X-CUBE-ALS.1.0.2
2025-06-21 14:15:41,557 [WARN] PackLoader:240 - Cannot read IP mode file for portGmbH.I-Cube-SoM-uGOAL.1.1.0
2025-06-21 14:15:41,571 [WARN] PackLoader:240 - Cannot read IP mode file for STMicroelectronics.X-CUBE-TOF1.3.4.2
2025-06-21 14:15:41,597 [WARN] PackLoader:240 - Cannot read IP mode file for STMicroelectronics.X-CUBE-TOF1.3.4.3
2025-06-21 14:15:41,613 [INFO] ThirdParty:978 - Integrity check success = true
2025-06-21 14:15:41,614 [INFO] IntegrityCheckThread:100 - exiting critical section [integrity check]
2025-06-21 14:15:41,614 [INFO] IntegrityCheckThread:103 - End integrity checks thread
2025-06-21 14:15:57,576 [ERROR] LogOutputStream:75 - [STDERR_REDIRECT] 
2025-06-21 14:16:11,107 [INFO] Activator:176 - 


2025-06-21 14:16:11,110 [INFO] Activator:177 - !SESSION log4j initialized
2025-06-21 14:16:15,231 [INFO] LogOutputStream:77 - [STDOUT_REDIRECT] 
2025-06-21 14:16:19,865 [INFO] ApplicationProperties:184 - Using Application install path: /opt/st/stm32cubeide_1.18.0/plugins/com.st.stm32cube.common.mx_6.14.0.202502271554
2025-06-21 14:16:19,899 [INFO] DbMcusXml:78 - Set database path to: /opt/st/stm32cubeide_1.18.0/plugins/com.st.stm32cube.common.mx_6.14.0.202502271554//db//mcu/
2025-06-21 14:16:19,899 [INFO] ApiDb:274 - Set plugin database path to: /opt/st/stm32cubeide_1.18.0/plugins/com.st.stm32cube.common.mx_6.14.0.202502271554//db//plugins/boardmanager/
2025-06-21 14:16:19,900 [WARN] ApiDb:259 - Overriding images path with different value:  => /opt/st/stm32cubeide_1.18.0/plugins/com.st.stm32cube.common.mx_6.14.0.202502271554//db//plugins/mcufinder/images/
2025-06-21 14:16:19,908 [INFO] ApiDb:250 - Set database path to: /home/srushti/.stmcufinder/plugins/mcufinder//mcu/
2025-06-21 14:16:19,910 [INFO] DbMcusAds:125 - Set database path to: /home/srushti/.stmcufinder/plugins/mcufinder//mcu/
2025-06-21 14:16:19,915 [INFO] CrossReferenceDbSqlite:203 - Set database path to: /home/srushti/.stmcufinder/plugins/mcufinder//mcu/cs/
2025-06-21 14:16:20,118 [INFO] RulesReader:64 - Compatibility file has been processed (301 Rules)
2025-06-21 14:16:20,276 [INFO] DbMcusXml:78 - Set database path to: /opt/st/stm32cubeide_1.18.0/plugins/com.st.stm32cube.common.mx_6.14.0.202502271554//db//mcu/
2025-06-21 14:16:20,277 [INFO] ApiDb:274 - Set plugin database path to: /opt/st/stm32cubeide_1.18.0/plugins/com.st.stm32cube.common.mx_6.14.0.202502271554//db//plugins/boardmanager/
2025-06-21 14:16:20,277 [INFO] ApiDb:261 - Set plugin images path to: /opt/st/stm32cubeide_1.18.0/plugins/com.st.stm32cube.common.mx_6.14.0.202502271554//db//plugins/mcufinder/images/
2025-06-21 14:16:20,278 [WARN] DbFile:41 - Overriding database path with different value: /home/srushti/.stmcufinder/plugins/mcufinder/ => /home/srushti/.stmcufinder/plugins/mcufinder
2025-06-21 14:16:20,278 [INFO] ApiDb:250 - Set database path to: /home/srushti/.stmcufinder/plugins/mcufinder//mcu/
2025-06-21 14:16:20,278 [WARN] DbFile:41 - Overriding database path with different value: /home/srushti/.stmcufinder/plugins/mcufinder/ => /home/srushti/.stmcufinder/plugins/mcufinder
2025-06-21 14:16:20,278 [INFO] DbMcusAds:125 - Set database path to: /home/srushti/.stmcufinder/plugins/mcufinder//mcu/
2025-06-21 14:16:20,278 [WARN] DbFile:41 - Overriding database path with different value: /home/srushti/.stmcufinder/plugins/mcufinder/ => /home/srushti/.stmcufinder/plugins/mcufinder
2025-06-21 14:16:20,278 [WARN] DbFile:41 - Overriding database path with different value: /home/srushti/.stmcufinder/plugins/mcufinder/ => /home/srushti/.stmcufinder/plugins/mcufinder
2025-06-21 14:16:20,279 [INFO] CrossReferenceDbSqlite:203 - Set database path to: /home/srushti/.stmcufinder/plugins/mcufinder//mcu/cs/
2025-06-21 14:16:20,450 [INFO] MainPanel:272 - HeapMemory: 268435456
2025-06-21 14:16:20,749 [INFO] DbMcusXml:78 - Set database path to: /opt/st/stm32cubeide_1.18.0/plugins/com.st.stm32cube.common.mx_6.14.0.202502271554//db//mcu/
2025-06-21 14:16:20,750 [INFO] ApiDb:274 - Set plugin database path to: /opt/st/stm32cubeide_1.18.0/plugins/com.st.stm32cube.common.mx_6.14.0.202502271554//db//plugins/boardmanager/
2025-06-21 14:16:20,750 [INFO] ApiDb:261 - Set plugin images path to: /opt/st/stm32cubeide_1.18.0/plugins/com.st.stm32cube.common.mx_6.14.0.202502271554//db//plugins/mcufinder/images/
2025-06-21 14:16:20,751 [WARN] DbFile:41 - Overriding database path with different value: /home/srushti/.stmcufinder/plugins/mcufinder/ => /home/srushti/.stmcufinder/plugins/mcufinder
2025-06-21 14:16:20,751 [INFO] ApiDb:250 - Set database path to: /home/srushti/.stmcufinder/plugins/mcufinder//mcu/
2025-06-21 14:16:20,752 [WARN] DbFile:41 - Overriding database path with different value: /home/srushti/.stmcufinder/plugins/mcufinder/ => /home/srushti/.stmcufinder/plugins/mcufinder
2025-06-21 14:16:20,752 [INFO] DbMcusAds:125 - Set database path to: /home/srushti/.stmcufinder/plugins/mcufinder//mcu/
2025-06-21 14:16:20,752 [WARN] DbFile:41 - Overriding database path with different value: /home/srushti/.stmcufinder/plugins/mcufinder/ => /home/srushti/.stmcufinder/plugins/mcufinder
2025-06-21 14:16:20,752 [WARN] DbFile:41 - Overriding database path with different value: /home/srushti/.stmcufinder/plugins/mcufinder/ => /home/srushti/.stmcufinder/plugins/mcufinder
2025-06-21 14:16:20,752 [INFO] CrossReferenceDbSqlite:203 - Set database path to: /home/srushti/.stmcufinder/plugins/mcufinder//mcu/cs/
2025-06-21 14:16:20,791 [INFO] ApplicationProperties:184 - Using Application install path: /opt/st/stm32cubeide_1.18.0/plugins/com.st.stm32cube.common.mx_6.14.0.202502271554
2025-06-21 14:16:20,795 [INFO] PluginManage:196 - Search for loadable plugins [exclusion list=, ]
2025-06-21 14:16:20,800 [INFO] PluginManage:310 - Check plugin analytics
2025-06-21 14:16:21,308 [INFO] AnalyticsPlugin:253 - Accepted Software Licenses: 
2025-06-21 14:16:21,309 [INFO] AnalyticsPlugin:255 - Accepted CMSIS Pack Licenses: 
2025-06-21 14:16:21,309 [INFO] AnalyticsPlugin:257 - Accepted Firmware Licenses: FW.F4.1.28.0,FW.G4.1.6.0
2025-06-21 14:16:21,322 [INFO] PluginManage:359 - Loaded plugin analytics (category:tool,tabindex:-1)
2025-06-21 14:16:21,323 [INFO] PluginManage:310 - Check plugin cadmodel
2025-06-21 14:16:21,339 [INFO] CADModel:105 - Init CAD model plugin
2025-06-21 14:16:21,341 [INFO] PluginManage:359 - Loaded plugin cadmodel (category:power,tabindex:5)
2025-06-21 14:16:21,342 [INFO] PluginManage:310 - Check plugin clock
2025-06-21 14:16:21,381 [INFO] PluginManage:359 - Loaded plugin clock (category:base,tabindex:2)
2025-06-21 14:16:21,383 [INFO] PluginManage:310 - Check plugin ddr
2025-06-21 14:16:21,392 [INFO] PluginManage:359 - Loaded plugin ddr (category:tool,tabindex:6)
2025-06-21 14:16:21,393 [INFO] PluginManage:310 - Check plugin filemanager
2025-06-21 14:16:21,780 [INFO] PluginManage:359 - Loaded plugin filemanager (category:base,tabindex:10)
2025-06-21 14:16:21,780 [INFO] PluginManage:310 - Check plugin ipmanager
2025-06-21 14:16:21,790 [INFO] PluginManage:359 - Loaded plugin ipmanager (category:base,tabindex:5)
2025-06-21 14:16:21,790 [INFO] PluginManage:310 - Check plugin lpbam
2025-06-21 14:16:21,807 [INFO] PluginManage:359 - Loaded plugin lpbam (category:base,tabindex:0)
2025-06-21 14:16:21,808 [INFO] PluginManage:310 - Check plugin memorymap
2025-06-21 14:16:21,827 [INFO] PluginManage:359 - Loaded plugin memorymap (category:base,tabindex:4)
2025-06-21 14:16:21,827 [INFO] PluginManage:310 - Check plugin pinoutandconfiguration
2025-06-21 14:16:21,842 [INFO] PluginManage:359 - Loaded plugin pinoutandconfiguration (category:base,tabindex:1)
2025-06-21 14:16:21,842 [INFO] PluginManage:310 - Check plugin pinoutconfig
2025-06-21 14:16:22,083 [WARN] SupportedApi:132 - Cannot load RTOS API schema: s4s-elt-must-match.1: The content of 'definitions' must match (annotation?, (simpleType | complexType)?, (unique | key | keyref)*)). A problem was found starting at: attribute.
2025-06-21 14:16:22,404 [INFO] PluginManage:359 - Loaded plugin pinoutconfig (category:base,tabindex:0)
2025-06-21 14:16:22,405 [INFO] PluginManage:310 - Check plugin power
2025-06-21 14:16:22,428 [INFO] PluginManage:359 - Loaded plugin power (category:power,tabindex:4)
2025-06-21 14:16:22,428 [INFO] PluginManage:310 - Check plugin projectmanager
2025-06-21 14:16:22,465 [INFO] PluginManage:359 - Loaded plugin projectmanager (category:projectmanager,tabindex:4)
2025-06-21 14:16:22,466 [INFO] PluginManage:310 - Check plugin rif
2025-06-21 14:16:22,479 [INFO] PluginManage:359 - Loaded plugin rif (category:base,tabindex:3)
2025-06-21 14:16:22,480 [INFO] PluginManage:310 - Check plugin thirdparty
2025-06-21 14:16:22,713 [INFO] PluginManage:359 - Loaded plugin thirdparty (category:base,tabindex:-1)
2025-06-21 14:16:22,713 [WARN] IntegrityCheckThread:84 - waiting for thirdparty lock release [integrity check]
2025-06-21 14:16:22,714 [INFO] IntegrityCheckThread:86 - entering critical section [integrity check]
2025-06-21 14:16:22,714 [INFO] PluginManage:310 - Check plugin tools
2025-06-21 14:16:22,715 [INFO] ThirdPartyUpdaterWithRetryManager:70 - Updater plugin not ready yet. [1/15]
2025-06-21 14:16:22,721 [INFO] PluginManage:359 - Loaded plugin tools (category:base,tabindex:7)
2025-06-21 14:16:22,721 [INFO] PluginManage:310 - Check plugin tutovideos
2025-06-21 14:16:22,979 [INFO] PluginManage:359 - Loaded plugin tutovideos (category:base,tabindex:-1)
2025-06-21 14:16:22,979 [INFO] PluginManage:310 - Check plugin updater
2025-06-21 14:16:23,017 [INFO] PluginManage:359 - Loaded plugin updater (category:base,tabindex:12)
2025-06-21 14:16:23,018 [INFO] PluginManage:310 - Check plugin userauth
2025-06-21 14:16:23,024 [INFO] UserAuth:118 - Init User Auth plugin
2025-06-21 14:16:23,026 [INFO] PluginManage:359 - Loaded plugin userauth (category:base,tabindex:14)
2025-06-21 14:16:23,027 [INFO] PluginManage:283 - PluginManage : Loaded plugins [18]
2025-06-21 14:16:23,380 [INFO] PinOutPanel:1589 - setPackage(No Configuration,No Configuration)
2025-06-21 14:16:23,541 [INFO] CADModel:165 - CPN selected for project level
2025-06-21 14:16:23,542 [INFO] CADModel:114 - Register for checkConnection events
2025-06-21 14:16:23,580 [INFO] IPUIPlugin:80 - create IPUIPlugin
2025-06-21 14:16:23,582 [INFO] PluginManager:220 - loadIPPluginJar : add dma
2025-06-21 14:16:23,594 [INFO] IPUIPlugin:80 - create IPUIPlugin
2025-06-21 14:16:23,595 [INFO] PluginManager:220 - loadIPPluginJar : add tsc
2025-06-21 14:16:23,609 [INFO] IPUIPlugin:80 - create IPUIPlugin
2025-06-21 14:16:23,610 [INFO] PluginManager:220 - loadIPPluginJar : add gic
2025-06-21 14:16:23,614 [INFO] IPUIPlugin:80 - create IPUIPlugin
2025-06-21 14:16:23,615 [INFO] PluginManager:220 - loadIPPluginJar : add fatfs
2025-06-21 14:16:23,619 [INFO] IPUIPlugin:80 - create IPUIPlugin
2025-06-21 14:16:23,620 [INFO] PluginManager:220 - loadIPPluginJar : add genericplugin
2025-06-21 14:16:23,643 [INFO] IPUIPlugin:80 - create IPUIPlugin
2025-06-21 14:16:23,643 [INFO] PluginManager:220 - loadIPPluginJar : add adc
2025-06-21 14:16:23,653 [INFO] IPUIPlugin:80 - create IPUIPlugin
2025-06-21 14:16:23,653 [INFO] PluginManager:220 - loadIPPluginJar : add resmgrutility
2025-06-21 14:16:23,659 [INFO] IPUIPlugin:80 - create IPUIPlugin
2025-06-21 14:16:23,660 [INFO] PluginManager:220 - loadIPPluginJar : add ts
2025-06-21 14:16:23,664 [INFO] IPUIPlugin:80 - create IPUIPlugin
2025-06-21 14:16:23,665 [INFO] PluginManager:220 - loadIPPluginJar : add ucpd
2025-06-21 14:16:23,686 [INFO] IPUIPlugin:80 - create IPUIPlugin
2025-06-21 14:16:23,687 [INFO] PluginManager:220 - loadIPPluginJar : add mdma
2025-06-21 14:16:23,706 [INFO] IPUIPlugin:80 - create IPUIPlugin
2025-06-21 14:16:23,713 [INFO] PluginManager:220 - loadIPPluginJar : add plateformsettings
2025-06-21 14:16:23,720 [INFO] IPUIPlugin:80 - create IPUIPlugin
2025-06-21 14:16:23,720 [INFO] PluginManager:220 - loadIPPluginJar : add gtzc
2025-06-21 14:16:23,726 [INFO] IPUIPlugin:80 - create IPUIPlugin
2025-06-21 14:16:23,727 [INFO] PluginManager:220 - loadIPPluginJar : add dma3
2025-06-21 14:16:23,737 [INFO] IPUIPlugin:80 - create IPUIPlugin
2025-06-21 14:16:23,738 [INFO] PluginManager:220 - loadIPPluginJar : add gpio
2025-06-21 14:16:23,744 [INFO] IPUIPlugin:80 - create IPUIPlugin
2025-06-21 14:16:23,745 [INFO] PluginManager:220 - loadIPPluginJar : add aes
2025-06-21 14:16:23,752 [INFO] IPUIPlugin:80 - create IPUIPlugin
2025-06-21 14:16:23,753 [INFO] PluginManager:220 - loadIPPluginJar : add spi
2025-06-21 14:16:23,761 [INFO] IPUIPlugin:80 - create IPUIPlugin
2025-06-21 14:16:23,762 [INFO] PluginManager:220 - loadIPPluginJar : add cryp
2025-06-21 14:16:23,772 [INFO] IPUIPlugin:80 - create IPUIPlugin
2025-06-21 14:16:23,773 [INFO] PluginManager:220 - loadIPPluginJar : add openamp
2025-06-21 14:16:23,779 [INFO] IPUIPlugin:80 - create IPUIPlugin
2025-06-21 14:16:23,780 [INFO] PluginManager:220 - loadIPPluginJar : add opamp
2025-06-21 14:16:23,789 [INFO] IPUIPlugin:80 - create IPUIPlugin
2025-06-21 14:16:23,790 [INFO] PluginManager:220 - loadIPPluginJar : add nvic
2025-06-21 14:16:23,804 [INFO] IPUIPlugin:80 - create IPUIPlugin
2025-06-21 14:16:23,805 [INFO] PluginManager:220 - loadIPPluginJar : add freertos
2025-06-21 14:16:23,811 [INFO] IPUIPlugin:80 - create IPUIPlugin
2025-06-21 14:16:23,812 [INFO] PluginManager:220 - loadIPPluginJar : add i2c
2025-06-21 14:16:23,817 [INFO] IPUIPlugin:80 - create IPUIPlugin
2025-06-21 14:16:23,818 [INFO] PluginManager:220 - loadIPPluginJar : add tim
2025-06-21 14:16:23,824 [INFO] IPUIPlugin:80 - create IPUIPlugin
2025-06-21 14:16:23,825 [INFO] PluginManager:220 - loadIPPluginJar : add hash
2025-06-21 14:16:23,834 [INFO] IPUIPlugin:80 - create IPUIPlugin
2025-06-21 14:16:23,835 [INFO] PluginManager:220 - loadIPPluginJar : add gfxmmu
2025-06-21 14:16:23,843 [INFO] IPUIPlugin:80 - create IPUIPlugin
2025-06-21 14:16:23,843 [INFO] PluginManager:220 - loadIPPluginJar : add lorawan
2025-06-21 14:16:23,853 [INFO] IPUIPlugin:80 - create IPUIPlugin
2025-06-21 14:16:23,853 [INFO] PluginManager:220 - loadIPPluginJar : add usbx
2025-06-21 14:16:23,862 [INFO] IPUIPlugin:80 - create IPUIPlugin
2025-06-21 14:16:23,862 [INFO] PluginManager:220 - loadIPPluginJar : add extmemmanager
2025-06-21 14:16:23,879 [INFO] IPUIPlugin:80 - create IPUIPlugin
2025-06-21 14:16:23,880 [INFO] PluginManager:220 - loadIPPluginJar : add linkedlist
2025-06-21 14:16:23,895 [INFO] IPUIPlugin:80 - create IPUIPlugin
2025-06-21 14:16:23,895 [INFO] PluginManager:220 - loadIPPluginJar : add stm32_wpan
2025-06-21 14:16:23,903 [INFO] IPUIPlugin:80 - create IPUIPlugin
2025-06-21 14:16:23,904 [INFO] PluginManager:220 - loadIPPluginJar : add ipddr
2025-06-21 14:16:23,907 [INFO] IPUIPlugin:80 - create IPUIPlugin
2025-06-21 14:16:23,908 [INFO] PluginManager:220 - loadIPPluginJar : add ltdc
2025-06-21 14:16:23,912 [INFO] IPUIPlugin:80 - create IPUIPlugin
2025-06-21 14:16:23,913 [INFO] PluginManager:220 - loadIPPluginJar : add tracer_emb
2025-06-21 14:16:23,919 [INFO] IPUIPlugin:80 - create IPUIPlugin
2025-06-21 14:16:23,920 [INFO] PluginManager:220 - loadIPPluginJar : add ddr_ctrl_phy
2025-06-21 14:16:23,929 [INFO] IPUIPlugin:80 - create IPUIPlugin
2025-06-21 14:16:23,930 [INFO] PluginManager:220 - loadIPPluginJar : add i3c
2025-06-21 14:16:23,935 [INFO] IPUIPlugin:80 - create IPUIPlugin
2025-06-21 14:16:23,937 [INFO] PluginManager:220 - loadIPPluginJar : add radio
2025-06-21 14:16:23,954 [INFO] IPUIPlugin:80 - create IPUIPlugin
2025-06-21 14:16:23,955 [INFO] PluginManager:220 - loadIPPluginJar : add fmc
2025-06-21 14:16:23,964 [INFO] IPUIPlugin:80 - create IPUIPlugin
2025-06-21 14:16:23,965 [INFO] PluginManager:220 - loadIPPluginJar : add dfsdm
2025-06-21 14:16:23,972 [INFO] IPUIPlugin:80 - create IPUIPlugin
2025-06-21 14:16:23,973 [INFO] PluginManager:220 - loadIPPluginJar : add pdm2pcm
2025-06-21 14:16:23,979 [INFO] IPUIPlugin:80 - create IPUIPlugin
2025-06-21 14:16:23,980 [INFO] PluginManager:220 - loadIPPluginJar : add i2s
2025-06-21 14:16:23,990 [INFO] IPUIPlugin:80 - create IPUIPlugin
2025-06-21 14:16:23,992 [INFO] PluginManager:220 - loadIPPluginJar : add touchsensing
2025-06-21 14:16:23,999 [INFO] IPUIPlugin:80 - create IPUIPlugin
2025-06-21 14:16:24,000 [INFO] PluginManager:220 - loadIPPluginJar : add comp
2025-06-21 14:16:24,008 [INFO] IPUIPlugin:80 - create IPUIPlugin
2025-06-21 14:16:24,009 [INFO] PluginManager:220 - loadIPPluginJar : add can
2025-06-21 14:16:24,015 [INFO] IPUIPlugin:80 - create IPUIPlugin
2025-06-21 14:16:24,016 [INFO] PluginManager:220 - loadIPPluginJar : add usart
2025-06-21 14:16:24,025 [INFO] IPUIPlugin:80 - create IPUIPlugin
2025-06-21 14:16:24,025 [INFO] PluginManager:220 - loadIPPluginJar : add sai
2025-06-21 14:16:24,029 [INFO] IPUIPlugin:80 - create IPUIPlugin
2025-06-21 14:16:24,030 [INFO] PluginManager:220 - loadIPPluginJar : add quadspi
2025-06-21 14:16:24,211 [FATAL] Updater:351 - Updater called before beeing initialized
2025-06-21 14:16:24,267 [INFO] RulesReader:64 - Compatibility file has been processed (301 Rules)
2025-06-21 14:16:24,286 [INFO] RulesReader:64 - Compatibility file has been processed (301 Rules)
2025-06-21 14:16:24,302 [INFO] CADModel:165 - CPN selected for project level
2025-06-21 14:16:24,303 [INFO] CADModel:114 - Register for checkConnection events
2025-06-21 14:16:24,303 [FATAL] Updater:351 - Updater called before beeing initialized
2025-06-21 14:16:24,303 [ERROR] CADModel:125 - Updater not yet initialized, retry later 
2025-06-21 14:16:24,554 [FATAL] Updater:351 - Updater called before beeing initialized
2025-06-21 14:16:24,558 [INFO] CADModel:165 - CPN selected for project level
2025-06-21 14:16:24,559 [INFO] CADModel:114 - Register for checkConnection events
2025-06-21 14:16:24,559 [FATAL] Updater:351 - Updater called before beeing initialized
2025-06-21 14:16:24,559 [ERROR] CADModel:125 - Updater not yet initialized, retry later 
2025-06-21 14:16:24,566 [FATAL] Updater:351 - Updater called before beeing initialized
2025-06-21 14:16:24,743 [FATAL] Updater:351 - Updater called before beeing initialized
2025-06-21 14:16:24,749 [INFO] DbMcusAds:53 - JSON generation date=Thu Mar 06 20:24:21 IST 2025 (1741272861825)
2025-06-21 14:16:24,749 [FATAL] Updater:351 - Updater called before beeing initialized
2025-06-21 14:16:24,800 [WARN] DetailPanel:346 - Failed to get advertising image, set to default
2025-06-21 14:16:25,240 [FATAL] Updater:351 - Updater called before beeing initialized
2025-06-21 14:16:25,244 [FATAL] Updater:351 - Updater called before beeing initialized
2025-06-21 14:16:25,245 [FATAL] Updater:351 - Updater called before beeing initialized
2025-06-21 14:16:25,245 [WARN] DetailPanel:346 - Failed to get advertising image, set to default
2025-06-21 14:16:25,248 [FATAL] Updater:351 - Updater called before beeing initialized
2025-06-21 14:16:25,370 [ERROR] Updater:1198 - MainUpdater not yet initialized. External WinMGr cannot be set.
2025-06-21 14:16:25,377 [INFO] Updater:1134 - Updater Version found : 6.14.0
2025-06-21 14:16:25,426 [INFO] ApplicationProperties:184 - Using Application install path: /opt/st/stm32cubeide_1.18.0/plugins/com.st.stm32cube.common.mx_6.14.0.202502271554
2025-06-21 14:16:25,469 [ERROR] LogOutputStream:75 - [STDERR_REDIRECT] Jun 21, 2025 2:16:25 PM java.util.prefs.FileSystemPreferences$2 run
2025-06-21 14:16:25,470 [ERROR] LogOutputStream:75 - [STDERR_REDIRECT] WARNING: Could not create system preferences directory. System preferences are unusable.
2025-06-21 14:16:25,471 [ERROR] LogOutputStream:75 - [STDERR_REDIRECT] 
2025-06-21 14:16:25,716 [INFO] ThirdPartyUpdaterWithRetryManager:70 - Updater plugin not ready yet. [2/15]
2025-06-21 14:16:26,120 [INFO] MainUpdater:2872 - connection check result : 10
2025-06-21 14:16:26,122 [INFO] MainUpdater:289 - Updater Check For Update Now.
2025-06-21 14:16:26,122 [INFO] MicroXplorer:498 - Change Database Version : DB.6.0.140
2025-06-21 14:16:26,134 [INFO] McuFinderGlobals:63 - Set McuFinder mode to 2 (CubeIDE integrated)
2025-06-21 14:16:26,136 [INFO] UserAuth:486 - Internet connection configuration mode: 1
2025-06-21 14:16:26,175 [INFO] JxBrowserEngine:152 - Initiate JxBrowser Engine with user profile folder
2025-06-21 14:16:26,417 [INFO] CheckServerUpdateThread:120 - End of CheckServer Thread
2025-06-21 14:16:27,598 [INFO] WebApp:169 - Instantiating new browser for Auth
2025-06-21 14:16:28,985 [INFO] WebApp:463 - Apply proxy settings
2025-06-21 14:16:28,986 [INFO] WebApp:548 - Chromium requires no authentication
2025-06-21 14:16:29,005 [INFO] WebApp:491 - Direct internet connection detected
2025-06-21 14:16:29,041 [WARN] PackLoader:240 - Cannot read IP mode file for STMicroelectronics.FP-SNS-MOTENVWB1.1.4.0
2025-06-21 14:16:29,061 [WARN] PackLoader:240 - Cannot read IP mode file for STMicroelectronics.FP-ATR-ASTRA1.2.0.2
2025-06-21 14:16:29,062 [INFO] WebApp:894 - Register for checkConnection events
2025-06-21 14:16:29,063 [INFO] WebApp:463 - Apply proxy settings
2025-06-21 14:16:29,063 [INFO] WebApp:548 - Chromium requires no authentication
2025-06-21 14:16:29,065 [INFO] WebApp:491 - Direct internet connection detected
2025-06-21 14:16:29,078 [WARN] PackLoader:240 - Cannot read IP mode file for STMicroelectronics.X-CUBE-SMBUS.2.1.0
2025-06-21 14:16:29,099 [WARN] PackLoader:240 - Cannot read IP mode file for STMicroelectronics.X-CUBE-WB05N.1.1.0
2025-06-21 14:16:29,113 [WARN] PackLoader:240 - Cannot read IP mode file for STMicroelectronics.X-CUBE-ST60.1.0.0
2025-06-21 14:16:29,200 [WARN] PackLoader:240 - Cannot read IP mode file for STMicroelectronics.X-CUBE-AZRTOS-F7.1.1.0
2025-06-21 14:16:29,294 [WARN] PackLoader:240 - Cannot read IP mode file for Infineon.AIROC-Wi-Fi-Bluetooth-STM32.1.7.0
2025-06-21 14:16:29,356 [WARN] PackLoader:240 - Cannot read IP mode file for STMicroelectronics.X-CUBE-DISPLAY.3.0.0
2025-06-21 14:16:29,389 [WARN] PackLoader:240 - Cannot read IP mode file for STMicroelectronics.X-CUBE-NFC10.1.0.0
2025-06-21 14:16:29,432 [WARN] PackLoader:240 - Cannot read IP mode file for STMicroelectronics.X-CUBE-BLEMGR.4.0.0
2025-06-21 14:16:29,438 [INFO] WebApp:225 - Starting web application
2025-06-21 14:16:29,439 [INFO] WebApp:593 - Web application path used /opt/st/stm32cubeide_1.18.0/plugins/com.st.stm32cube.common.mx_6.14.0.202502271554/db/plugins/mcufinder/reactClient1/index.html
2025-06-21 14:16:29,453 [WARN] PackLoader:240 - Cannot read IP mode file for emotas.I-CUBE-CANOPEN.1.3.0
2025-06-21 14:16:29,462 [WARN] ConditionMgr:438 - getConditionDescription Invalid condition id : Cortex-A Device cause : null
2025-06-21 14:16:29,490 [WARN] ConditionMgr:1044 - genDependencies : Invalid condition id : Cortex-A Device cause : null
2025-06-21 14:16:29,491 [WARN] ConditionMgr:1044 - genDependencies : Invalid condition id : Cortex-A Device cause : null
2025-06-21 14:16:29,491 [WARN] ConditionMgr:1044 - genDependencies : Invalid condition id : Cortex-A Device cause : null
2025-06-21 14:16:29,500 [WARN] PackLoader:240 - Cannot read IP mode file for STMicroelectronics.X-CUBE-AI.10.0.0
2025-06-21 14:16:29,511 [WARN] PackLoader:240 - Cannot read IP mode file for STMicroelectronics.FP-SNS-SMARTAG2.1.2.0
2025-06-21 14:16:29,524 [WARN] PackLoader:240 - Cannot read IP mode file for STMicroelectronics.FP-SNS-FLIGHT1.5.1.0
2025-06-21 14:16:29,663 [WARN] PackLoader:240 - Cannot read IP mode file for STMicroelectronics.X-CUBE-MEMS1.11.1.0
2025-06-21 14:16:29,693 [INFO] UserAuth:486 - Internet connection configuration mode: 1
2025-06-21 14:16:30,040 [INFO] WebApp:191 - Connection restablished
2025-06-21 14:16:30,151 [INFO] LogOutputStream:77 - [STDOUT_REDIRECT] 1 : Invalid condition id : UX_CORESTACK_Condition cause : null
2025-06-21 14:16:30,154 [INFO] LogOutputStream:77 - [STDOUT_REDIRECT] 1 : Invalid condition id : UX_CORESTACK_Condition cause : null
2025-06-21 14:16:30,157 [INFO] LogOutputStream:77 - [STDOUT_REDIRECT] 1 : Invalid condition id : UX_CORESTACK_Condition cause : null
2025-06-21 14:16:30,159 [INFO] LogOutputStream:77 - [STDOUT_REDIRECT] 1 : Invalid condition id : UX_CORESTACK_Condition cause : null
2025-06-21 14:16:30,169 [INFO] LogOutputStream:77 - [STDOUT_REDIRECT] 1 : Invalid condition id : UX_CORESTACK_Condition cause : null
2025-06-21 14:16:30,186 [WARN] PackLoader:240 - Cannot read IP mode file for STMicroelectronics.X-CUBE-AZRTOS-WL.2.0.0
2025-06-21 14:16:30,208 [WARN] PackLoader:240 - Cannot read IP mode file for STMicroelectronics.FP-SNS-MOTENV1.5.0.0
2025-06-21 14:16:30,235 [WARN] PackLoader:240 - Cannot read IP mode file for WES.I-CUBE-Cesium.1.3.0
2025-06-21 14:16:30,249 [WARN] PackLoader:240 - Cannot read IP mode file for STMicroelectronics.X-CUBE-BLE2.3.3.0
2025-06-21 14:16:30,268 [WARN] PackLoader:240 - Cannot read IP mode file for STMicroelectronics.X-CUBE-NFC9.1.0.0
2025-06-21 14:16:30,363 [WARN] PackLoader:240 - Cannot read IP mode file for STMicroelectronics.X-CUBE-BLE1.7.1.0
2025-06-21 14:16:30,374 [WARN] PackLoader:240 - Cannot read IP mode file for wolfSSL.I-CUBE-wolfMQTT.1.19.2
2025-06-21 14:16:30,387 [WARN] PackLoader:240 - Cannot read IP mode file for STMicroelectronics.X-CUBE-AI.10.1.0
2025-06-21 14:16:30,427 [WARN] PackLoader:240 - Cannot read IP mode file for STMicroelectronics.X-CUBE-AZRTOS-G0.1.1.0
2025-06-21 14:16:30,467 [WARN] PackLoader:240 - Cannot read IP mode file for STMicroelectronics.X-CUBE-SAFEA1.1.2.2
2025-06-21 14:16:30,490 [WARN] PackLoader:240 - Cannot read IP mode file for STMicroelectronics.X-CUBE-NFC4.3.0.0
2025-06-21 14:16:30,519 [WARN] PackLoader:240 - Cannot read IP mode file for EmbeddedOffice.I-CUBE-FS-RTOS.1.0.1
2025-06-21 14:16:30,539 [WARN] PackLoader:240 - Cannot read IP mode file for STMicroelectronics.X-CUBE-WB05N.2.0.0
2025-06-21 14:16:30,552 [WARN] PackLoader:240 - Cannot read IP mode file for wolfSSL.I-CUBE-wolfTPM.3.8.0
2025-06-21 14:16:30,567 [WARN] PackLoader:240 - Cannot read IP mode file for STMicroelectronics.X-CUBE-TCPP.4.2.0
2025-06-21 14:16:30,586 [WARN] PackLoader:240 - Cannot read IP mode file for RealThread.X-CUBE-RT-Thread_Nano.4.1.1
2025-06-21 14:16:30,601 [WARN] PackLoader:240 - Cannot read IP mode file for STMicroelectronics.FP-ATR-SIGFOX1.3.2.0
2025-06-21 14:16:30,621 [WARN] PackLoader:240 - Cannot read IP mode file for STMicroelectronics.X-CUBE-EEPRMA1.5.1.0
2025-06-21 14:16:30,636 [WARN] PackLoader:240 - Cannot read IP mode file for wolfSSL.I-CUBE-wolfSSL.5.7.6
2025-06-21 14:16:30,654 [WARN] PackLoader:240 - Cannot read IP mode file for ITTIA_DB.I-CUBE-ITTIADB.8.9.0
2025-06-21 14:16:30,669 [WARN] PackLoader:240 - Cannot read IP mode file for STMicroelectronics.X-CUBE-ST67W61.1.0.0
2025-06-21 14:16:30,737 [WARN] PackLoader:240 - Cannot read IP mode file for SEGGER.I-CUBE-embOS.1.3.1
2025-06-21 14:16:30,892 [WARN] PackLoader:240 - Cannot read IP mode file for STMicroelectronics.X-CUBE-ALGOBUILD.1.4.0
2025-06-21 14:16:31,029 [WARN] PackLoader:240 - Cannot read IP mode file for STMicroelectronics.X-CUBE-MEMS1.11.3.0
2025-06-21 14:16:31,354 [WARN] PackLoader:240 - Cannot read IP mode file for STMicroelectronics.X-CUBE-PM33A1.1.0.0
2025-06-21 14:16:31,405 [WARN] PackLoader:240 - Cannot read IP mode file for STMicroelectronics.X-CUBE-AZRTOS-F4.1.1.0
2025-06-21 14:16:31,422 [WARN] PackLoader:240 - Cannot read IP mode file for STMicroelectronics.X-CUBE-ISPU.2.1.0
2025-06-21 14:16:31,458 [WARN] PackLoader:240 - Cannot read IP mode file for STMicroelectronics.X-CUBE-AZRTOS-L5.2.0.0
2025-06-21 14:16:31,471 [WARN] PackLoader:240 - Cannot read IP mode file for STMicroelectronics.X-CUBE-NFC6.3.1.0
2025-06-21 14:16:31,480 [WARN] PackLoader:240 - Cannot read IP mode file for STMicroelectronics.X-CUBE-DPower.1.2.0
2025-06-21 14:16:31,488 [WARN] PackLoader:240 - Cannot read IP mode file for STMicroelectronics.X-CUBE-FREERTOS.1.3.1
2025-06-21 14:16:31,494 [WARN] PackLoader:240 - Cannot read IP mode file for STMicroelectronics.X-CUBE-FREERTOS.1.3.0
2025-06-21 14:16:31,500 [WARN] PackLoader:240 - Cannot read IP mode file for STMicroelectronics.X-CUBE-NFC7.1.0.1
2025-06-21 14:16:31,509 [WARN] PackLoader:240 - Cannot read IP mode file for STMicroelectronics.X-CUBE-DPower.1.3.0
2025-06-21 14:16:31,534 [WARN] ConditionMgr:438 - getConditionDescription Invalid condition id : LAN8742 Phy interface Condition cause : null
2025-06-21 14:16:31,536 [WARN] PackLoader:240 - Cannot read IP mode file for STMicroelectronics.X-CUBE-AZRTOS-L4.2.0.0
2025-06-21 14:16:31,538 [WARN] ConditionMgr:1044 - genDependencies : Invalid condition id : LAN8742 Phy interface Condition cause : null
2025-06-21 14:16:31,539 [WARN] ConditionMgr:1044 - genDependencies : Invalid condition id : LAN8742 Phy interface Condition cause : null
2025-06-21 14:16:31,540 [WARN] ConditionMgr:1044 - genDependencies : Invalid condition id : LAN8742 Phy interface Condition cause : null
2025-06-21 14:16:31,548 [WARN] PackLoader:240 - Cannot read IP mode file for STMicroelectronics.X-CUBE-SFXS2LP1.4.0.0
2025-06-21 14:16:31,580 [WARN] PackLoader:240 - Cannot read IP mode file for STMicroelectronics.X-CUBE-AZRTOS-H7.3.3.0
2025-06-21 14:16:31,602 [WARN] ConditionMgr:438 - getConditionDescription Invalid condition id : UX DEVICE CLASS RTOS Condition cause : null
2025-06-21 14:16:31,603 [WARN] ConditionMgr:438 - getConditionDescription Invalid condition id : UX DEVICE CLASS RTOS Condition cause : null
2025-06-21 14:16:31,606 [WARN] PackLoader:240 - Cannot read IP mode file for STMicroelectronics.X-CUBE-AZRTOS-WB.2.0.0
2025-06-21 14:16:31,608 [WARN] ConditionMgr:1044 - genDependencies : Invalid condition id : UX DEVICE CLASS RTOS Condition cause : null
2025-06-21 14:16:31,608 [WARN] ConditionMgr:1044 - genDependencies : Invalid condition id : UX DEVICE CLASS RTOS Condition cause : null
2025-06-21 14:16:31,609 [WARN] ConditionMgr:1044 - genDependencies : Invalid condition id : UX DEVICE CLASS RTOS Condition cause : null
2025-06-21 14:16:31,610 [WARN] ConditionMgr:1044 - genDependencies : Invalid condition id : UX DEVICE CLASS RTOS Condition cause : null
2025-06-21 14:16:31,610 [WARN] ConditionMgr:1044 - genDependencies : Invalid condition id : UX DEVICE CLASS RTOS Condition cause : null
2025-06-21 14:16:31,619 [WARN] PackLoader:240 - Cannot read IP mode file for STMicroelectronics.X-CUBE-GNSS1.7.0.1
2025-06-21 14:16:31,625 [WARN] PackLoader:240 - Cannot read IP mode file for STMicroelectronics.X-CUBE-TOUCHGFX.4.25.0
2025-06-21 14:16:31,631 [WARN] PackLoader:240 - Cannot read IP mode file for STMicroelectronics.FP-SNS-STBOX1.2.0.0
2025-06-21 14:16:31,645 [WARN] PackLoader:240 - Cannot read IP mode file for STMicroelectronics.X-CUBE-SUBG2.5.0.0
2025-06-21 14:16:31,691 [WARN] PackLoader:240 - Cannot read IP mode file for STMicroelectronics.X-CUBE-AZRTOS-H7RS.1.1.0
2025-06-21 14:16:31,707 [WARN] PackLoader:240 - Cannot read IP mode file for Cesanta.I-CUBE-Mongoose.7.13.0
2025-06-21 14:16:31,733 [WARN] PackLoader:240 - Cannot read IP mode file for STMicroelectronics.X-CUBE-AZRTOS-G4.2.0.0
2025-06-21 14:16:31,741 [WARN] PackLoader:240 - Cannot read IP mode file for wolfSSL.I-CUBE-wolfSSH.1.4.20
2025-06-21 14:16:31,749 [WARN] PackLoader:240 - Cannot read IP mode file for STMicroelectronics.X-CUBE-NFC7.2.0.0
2025-06-21 14:16:31,775 [WARN] PackLoader:240 - Cannot read IP mode file for STMicroelectronics.X-CUBE-IPS.3.1.0
2025-06-21 14:16:31,803 [WARN] PackLoader:240 - Cannot read IP mode file for STMicroelectronics.X-CUBE-ALS.1.0.2
2025-06-21 14:16:31,810 [WARN] PackLoader:240 - Cannot read IP mode file for portGmbH.I-Cube-SoM-uGOAL.1.1.0
2025-06-21 14:16:31,822 [WARN] PackLoader:240 - Cannot read IP mode file for STMicroelectronics.X-CUBE-TOF1.3.4.2
2025-06-21 14:16:31,848 [WARN] PackLoader:240 - Cannot read IP mode file for STMicroelectronics.X-CUBE-TOF1.3.4.3
2025-06-21 14:16:31,864 [INFO] ThirdParty:978 - Integrity check success = true
2025-06-21 14:16:31,865 [INFO] IntegrityCheckThread:100 - exiting critical section [integrity check]
2025-06-21 14:16:31,865 [INFO] IntegrityCheckThread:103 - End integrity checks thread
2025-06-21 14:16:44,075 [ERROR] LogOutputStream:75 - [STDERR_REDIRECT] Jun 21, 2025 2:16:44 PM java.util.prefs.FileSystemPreferences checkLockFile0ErrorCode
2025-06-21 14:16:44,076 [ERROR] LogOutputStream:75 - [STDERR_REDIRECT] WARNING: Could not lock System prefs. Unix error code 2.
2025-06-21 14:16:44,077 [ERROR] LogOutputStream:75 - [STDERR_REDIRECT] 
2025-06-21 14:16:44,078 [ERROR] LogOutputStream:75 - [STDERR_REDIRECT] Jun 21, 2025 2:16:44 PM java.util.prefs.FileSystemPreferences syncWorld
2025-06-21 14:16:44,079 [ERROR] LogOutputStream:75 - [STDERR_REDIRECT] WARNING: Couldn't flush system prefs: java.util.prefs.BackingStoreException: Couldn't get file lock.
2025-06-21 14:16:44,080 [ERROR] LogOutputStream:75 - [STDERR_REDIRECT] 
2025-06-21 14:16:46,734 [ERROR] LogOutputStream:75 - [STDERR_REDIRECT] 
